<?xml version="1.0" encoding="UTF-8"?>
<!-- Generated by org.testng.reporters.JUnitReportReporter -->
<testsuite hostname="Automacao_PC" name="br.com.bradesco.test.CN006_ExtratoDePagamento" tests="1" failures="0" timestamp="23 Dec 2016 17:27:00 GMT" time="79.324" errors="0">
  <testcase name="CT002_SolicitarExtratoPagamentoViaEmail" time="79.324" classname="br.com.bradesco.test.CN006_ExtratoDePagamento"/>
</testsuite> <!-- br.com.bradesco.test.CN006_ExtratoDePagamento -->
