<?xml version="1.0" encoding="UTF-8"?>
<!-- Generated by org.testng.reporters.JUnitReportReporter -->
<testsuite hostname="Automacao_PC" name="br.com.bradesco.test.CN011_AreaLogadoFaleConosco" tests="1" failures="0" timestamp="21 Dec 2016 18:37:01 GMT" time="55.034" errors="0">
  <testcase name="CT002_EnviarFormulario_FaleConosco" time="55.034" classname="br.com.bradesco.test.CN011_AreaLogadoFaleConosco"/>
</testsuite> <!-- br.com.bradesco.test.CN011_AreaLogadoFaleConosco -->
