<?xml version="1.0" encoding="UTF-8"?>
<!-- Generated by org.testng.reporters.JUnitReportReporter -->
<testsuite hostname="Automacao_PC" name="br.com.bradesco.test.CN003_ImpressaoDeCarterinhaVirtual" tests="1" failures="0" timestamp="23 Dec 2016 16:37:57 GMT" time="50.936" errors="0">
  <testcase name="CT001_ExecutarImpressaoDeCarterinha" time="50.936" classname="br.com.bradesco.test.CN003_ImpressaoDeCarterinhaVirtual"/>
</testsuite> <!-- br.com.bradesco.test.CN003_ImpressaoDeCarterinhaVirtual -->
