<?xml version="1.0" encoding="UTF-8"?>
<!-- Generated by org.testng.reporters.JUnitReportReporter -->
<testsuite hostname="Automacao_PC" name="br.com.bradesco.test.CN012_AlterarLinksDuvidasAreaLogada" tests="2" failures="0" timestamp="22 Dec 2016 12:55:57 GMT" time="88.871" errors="0">
  <testcase name="CT022_ValidarAlteraçãoLinkDuvidasSobreAlteraçãoEmail" time="37.801" classname="br.com.bradesco.test.CN012_AlterarLinksDuvidasAreaLogada"/>
  <testcase name="CN012_AlterarLinksDuvidasAreaLogada" time="51.070" classname="br.com.bradesco.test.CN012_AlterarLinksDuvidasAreaLogada"/>
</testsuite> <!-- br.com.bradesco.test.CN012_AlterarLinksDuvidasAreaLogada -->
