<?xml version="1.0" encoding="UTF-8"?>
<!-- Generated by org.testng.reporters.JUnitReportReporter -->
<testsuite hostname="Automacao_PC" name="br.com.bradesco.test.CN001_2ViaDeCarterinha" tests="1" failures="0" timestamp="23 Dec 2016 14:53:54 GMT" time="47.150" errors="0">
  <testcase name="CT001_ExecutarSolicitacao2viaDeCarterinha" time="47.150" classname="br.com.bradesco.test.CN001_2ViaDeCarterinha"/>
</testsuite> <!-- br.com.bradesco.test.CN001_2ViaDeCarterinha -->
