<?xml version="1.0" encoding="UTF-8"?>
<!-- Generated by org.testng.reporters.JUnitReportReporter -->
<testsuite hostname="Automacao_PC" name="br.com.bradesco.test.CN006_ExtratoDePagamento" tests="1" failures="0" timestamp="22 Dec 2016 13:30:13 GMT" time="80.226" errors="0">
  <testcase name="CT002_SolicitarExtratoPagamentoViaEmail" time="80.226" classname="br.com.bradesco.test.CN006_ExtratoDePagamento"/>
</testsuite> <!-- br.com.bradesco.test.CN006_ExtratoDePagamento -->
