<?xml version="1.0" encoding="UTF-8"?>
<!-- Generated by org.testng.reporters.JUnitReportReporter -->
<testsuite hostname="Automacao_PC" name="br.com.bradesco.test.CN012_AlterarLinksDuvidasAreaLogada" tests="4" failures="0" timestamp="22 Dec 2016 20:15:04 GMT" time="129.110" errors="0">
  <testcase name="CN019_ValidarAlteracaoLinkDuvidasSobreEnvioDeAberturaDeTratamentoPorEmail" time="49.017" classname="br.com.bradesco.test.CN012_AlterarLinksDuvidasAreaLogada"/>
  <testcase name="CT021_ValidarAlteraçãoDo_LinkProtuárioVirtual_DuvidaExtratoDeRede" time="24.925" classname="br.com.bradesco.test.CN012_AlterarLinksDuvidasAreaLogada"/>
  <testcase name="CT020_ValidarAlteraçãoDoLink_ImpostoDeRendaReembolsos_DuvidaExtratoReembolso" time="23.440" classname="br.com.bradesco.test.CN012_AlterarLinksDuvidasAreaLogada"/>
  <testcase name="CT022_ValidarAlteraçãoLinkDuvidasSobreAlteraçãoEmail" time="31.728" classname="br.com.bradesco.test.CN012_AlterarLinksDuvidasAreaLogada"/>
</testsuite> <!-- br.com.bradesco.test.CN012_AlterarLinksDuvidasAreaLogada -->
