<?xml version="1.0" encoding="UTF-8"?>
<!-- Generated by org.testng.reporters.JUnitReportReporter -->
<testsuite hostname="Automacao_PC" name="br.com.bradesco.test.CN012_AlterarLinksDuvidasAreaLogada" tests="2" failures="0" timestamp="21 Dec 2016 20:39:05 GMT" time="97.615" errors="0">
  <testcase name="CN012_AlterarLinksDuvidasAreaLogada" time="52.972" classname="br.com.bradesco.test.CN012_AlterarLinksDuvidasAreaLogada"/>
  <testcase name="CT022_ValidarAlteraçãoLinkDuvidasSobreAlteraçãoEmail" time="44.643" classname="br.com.bradesco.test.CN012_AlterarLinksDuvidasAreaLogada"/>
</testsuite> <!-- br.com.bradesco.test.CN012_AlterarLinksDuvidasAreaLogada -->
