<?xml version="1.0" encoding="UTF-8"?>
<!-- Generated by org.testng.reporters.JUnitReportReporter -->
<testsuite hostname="Automacao_PC" name="br.com.bradesco.test.CN001" tests="1" failures="0" timestamp="14 Dec 2016 17:02:41 GMT" time="35.094" errors="0">
  <testcase name="CT001ExecutarLoginNoSistemaBradesco" time="35.094" classname="br.com.bradesco.test.CN001"/>
</testsuite> <!-- br.com.bradesco.test.CN001 -->
