<?xml version="1.0" encoding="UTF-8"?>
<!-- Generated by org.testng.reporters.JUnitReportReporter -->
<testsuite hostname="Automacao_PC" name="br.com.bradesco.test.CN011_AreaLogadoFaleConosco" tests="1" failures="0" timestamp="22 Dec 2016 13:03:31 GMT" time="41.739" errors="0">
  <testcase name="CT002_EnviarFormulario_FaleConosco" time="41.739" classname="br.com.bradesco.test.CN011_AreaLogadoFaleConosco"/>
</testsuite> <!-- br.com.bradesco.test.CN011_AreaLogadoFaleConosco -->
