<?xml version="1.0" encoding="UTF-8"?>
<!-- Generated by org.testng.reporters.JUnitReportReporter -->
<testsuite hostname="Automacao_PC" name="br.com.bradesco.test.CN012_AlterarLinksDuvidasAreaLogada" tests="2" failures="0" timestamp="22 Dec 2016 13:03:31 GMT" time="58.964" errors="0">
  <testcase name="CN012_AlterarLinksDuvidasAreaLogada" time="23.727" classname="br.com.bradesco.test.CN012_AlterarLinksDuvidasAreaLogada"/>
  <testcase name="CT022_ValidarAlteraçãoLinkDuvidasSobreAlteraçãoEmail" time="35.237" classname="br.com.bradesco.test.CN012_AlterarLinksDuvidasAreaLogada"/>
</testsuite> <!-- br.com.bradesco.test.CN012_AlterarLinksDuvidasAreaLogada -->
