<?xml version="1.0" encoding="UTF-8"?>
<!-- Generated by org.testng.reporters.JUnitReportReporter -->
<testsuite hostname="Automacao_PC" name="br.com.bradesco.test.CN013_ExtratoDeAtendimentoAreaLogada" tests="1" failures="0" timestamp="21 Dec 2016 13:21:56 GMT" time="49.634" errors="0">
  <testcase name="CT001_ExecutarConsultaDeProtocolo" time="49.634" classname="br.com.bradesco.test.CN013_ExtratoDeAtendimentoAreaLogada"/>
</testsuite> <!-- br.com.bradesco.test.CN013_ExtratoDeAtendimentoAreaLogada -->
