<?xml version="1.0" encoding="UTF-8"?>
<!-- Generated by org.testng.reporters.JUnitReportReporter -->
<testsuite hostname="Automacao_PC" name="br.com.bradesco.test.Bradesco" tests="1" failures="0" timestamp="14 Dec 2016 03:12:11 GMT" time="53.748" errors="0">
  <testcase name="CT001_Acesso_Aplicacao" time="53.748" classname="br.com.bradesco.test.Bradesco"/>
</testsuite> <!-- br.com.bradesco.test.Bradesco -->
