<?xml version="1.0" encoding="UTF-8" ?>
<testsuite tests="1" failures="1" name="TestSuite" time="213.352" errors="0" skipped="0">
  <properties>
    <property name="java.runtime.name" value="Java(TM) SE Runtime Environment"/>
    <property name="sun.boot.library.path" value="C:\Program Files\Java\jre1.8.0_111\bin"/>
    <property name="java.vm.version" value="25.111-b14"/>
    <property name="java.vm.vendor" value="Oracle Corporation"/>
    <property name="java.vendor.url" value="http://java.oracle.com/"/>
    <property name="path.separator" value=";"/>
    <property name="java.vm.name" value="Java HotSpot(TM) 64-Bit Server VM"/>
    <property name="file.encoding.pkg" value="sun.io"/>
    <property name="user.script" value=""/>
    <property name="user.country" value="BR"/>
    <property name="sun.java.launcher" value="SUN_STANDARD"/>
    <property name="sun.os.patch.level" value="Service Pack 1"/>
    <property name="java.vm.specification.name" value="Java Virtual Machine Specification"/>
    <property name="user.dir" value="C:\WorkSpace\Bradesco"/>
    <property name="java.runtime.version" value="1.8.0_111-b14"/>
    <property name="java.awt.graphicsenv" value="sun.awt.Win32GraphicsEnvironment"/>
    <property name="basedir" value="C:\WorkSpace\Bradesco"/>
    <property name="java.endorsed.dirs" value="C:\Program Files\Java\jre1.8.0_111\lib\endorsed"/>
    <property name="os.arch" value="amd64"/>
    <property name="surefire.real.class.path" value="C:\Users\AUTOMA~1\AppData\Local\Temp\surefirebooter6211040885095238663.jar"/>
    <property name="java.io.tmpdir" value="C:\Users\AUTOMA~1\AppData\Local\Temp\"/>
    <property name="line.separator" value="
"/>
    <property name="java.vm.specification.vendor" value="Oracle Corporation"/>
    <property name="user.variant" value=""/>
    <property name="os.name" value="Windows 7"/>
    <property name="sun.jnu.encoding" value="Cp1252"/>
    <property name="jnidispatch.path" value="C:\Users\AUTOMA~1\AppData\Local\Temp\jna--617344690\jna6989262991973955455.dll"/>
    <property name="java.library.path" value="C:\Program Files\Java\jre1.8.0_111\bin;C:\Windows\Sun\Java\bin;C:\Windows\system32;C:\Windows;C:/Program Files/Java/jre1.8.0_111/bin/server;C:/Program Files/Java/jre1.8.0_111/bin;C:/Program Files/Java/jre1.8.0_111/lib/amd64;C:\ProgramData\Oracle\Java\javapath;C:\Windows\system32;C:\Windows;C:\Windows\System32\Wbem;C:\Windows\System32\WindowsPowerShell\v1.0\;C:\Program Files\Java\jdk1.8.0_111\bin;C:\apache-maven-3.3.9\bin;C:\Program Files\Git\cmd;C:\eclipse;;."/>
    <property name="surefire.test.class.path" value="C:\WorkSpace\Bradesco\target\test-classes;C:\WorkSpace\Bradesco\target\classes;C:\Users\Automacao\.m2\repository\com\opera\operadriver\1.5\operadriver-1.5.jar;C:\Users\Automacao\.m2\repository\com\opera\operalaunchers\1.1\operalaunchers-1.1.jar;C:\Users\Automacao\.m2\repository\com\google\protobuf\protobuf-java\2.4.1\protobuf-java-2.4.1.jar;C:\Users\Automacao\.m2\repository\com\google\guava\guava\14.0\guava-14.0.jar;C:\Users\Automacao\.m2\repository\commons-jxpath\commons-jxpath\1.3\commons-jxpath-1.3.jar;C:\Users\Automacao\.m2\repository\org\ini4j\ini4j\0.5.2\ini4j-0.5.2.jar;C:\Users\Automacao\.m2\repository\org\uncommons\reportng\1.1.3\reportng-1.1.3.jar;C:\Users\Automacao\.m2\repository\velocity\velocity\1.4\velocity-1.4.jar;C:\Users\Automacao\.m2\repository\velocity\velocity-dep\1.4\velocity-dep-1.4.jar;C:\Users\Automacao\.m2\repository\org\apache\stratos\guice\3.0\guice-3.0.jar;C:\Users\Automacao\.m2\repository\com\google\inject\guice\3.0\guice-3.0.jar;C:\Users\Automacao\.m2\repository\javax\inject\javax.inject\1\javax.inject-1.jar;C:\Users\Automacao\.m2\repository\aopalliance\aopalliance\1.0\aopalliance-1.0.jar;C:\Users\Automacao\.m2\repository\org\testng\testng\6.9.4\testng-6.9.4.jar;C:\Users\Automacao\.m2\repository\org\beanshell\bsh\2.0b4\bsh-2.0b4.jar;C:\Users\Automacao\.m2\repository\com\beust\jcommander\1.48\jcommander-1.48.jar;C:\Users\Automacao\.m2\repository\org\seleniumhq\selenium\selenium-java\2.48.0\selenium-java-2.48.0.jar;C:\Users\Automacao\.m2\repository\org\seleniumhq\selenium\selenium-chrome-driver\2.48.0\selenium-chrome-driver-2.48.0.jar;C:\Users\Automacao\.m2\repository\org\seleniumhq\selenium\selenium-remote-driver\2.48.0\selenium-remote-driver-2.48.0.jar;C:\Users\Automacao\.m2\repository\cglib\cglib-nodep\2.1_3\cglib-nodep-2.1_3.jar;C:\Users\Automacao\.m2\repository\com\google\code\gson\gson\2.3.1\gson-2.3.1.jar;C:\Users\Automacao\.m2\repository\org\seleniumhq\selenium\selenium-api\2.48.0\selenium-api-2.48.0.jar;C:\Users\Automacao\.m2\repository\org\seleniumhq\selenium\selenium-edge-driver\2.48.0\selenium-edge-driver-2.48.0.jar;C:\Users\Automacao\.m2\repository\org\seleniumhq\selenium\selenium-htmlunit-driver\2.48.0\selenium-htmlunit-driver-2.48.0.jar;C:\Users\Automacao\.m2\repository\net\sourceforge\htmlunit\htmlunit\2.18\htmlunit-2.18.jar;C:\Users\Automacao\.m2\repository\xalan\xalan\2.7.2\xalan-2.7.2.jar;C:\Users\Automacao\.m2\repository\xalan\serializer\2.7.2\serializer-2.7.2.jar;C:\Users\Automacao\.m2\repository\commons-collections\commons-collections\3.2.1\commons-collections-3.2.1.jar;C:\Users\Automacao\.m2\repository\org\apache\commons\commons-lang3\3.4\commons-lang3-3.4.jar;C:\Users\Automacao\.m2\repository\org\apache\httpcomponents\httpmime\4.5\httpmime-4.5.jar;C:\Users\Automacao\.m2\repository\net\sourceforge\htmlunit\htmlunit-core-js\2.17\htmlunit-core-js-2.17.jar;C:\Users\Automacao\.m2\repository\xerces\xercesImpl\2.11.0\xercesImpl-2.11.0.jar;C:\Users\Automacao\.m2\repository\xml-apis\xml-apis\1.4.01\xml-apis-1.4.01.jar;C:\Users\Automacao\.m2\repository\net\sourceforge\nekohtml\nekohtml\1.9.22\nekohtml-1.9.22.jar;C:\Users\Automacao\.m2\repository\net\sourceforge\cssparser\cssparser\0.9.16\cssparser-0.9.16.jar;C:\Users\Automacao\.m2\repository\org\w3c\css\sac\1.3\sac-1.3.jar;C:\Users\Automacao\.m2\repository\org\eclipse\jetty\websocket\websocket-client\9.2.12.v20150709\websocket-client-9.2.12.v20150709.jar;C:\Users\Automacao\.m2\repository\org\eclipse\jetty\jetty-util\9.2.12.v20150709\jetty-util-9.2.12.v20150709.jar;C:\Users\Automacao\.m2\repository\org\eclipse\jetty\jetty-io\9.2.12.v20150709\jetty-io-9.2.12.v20150709.jar;C:\Users\Automacao\.m2\repository\org\eclipse\jetty\websocket\websocket-common\9.2.12.v20150709\websocket-common-9.2.12.v20150709.jar;C:\Users\Automacao\.m2\repository\org\eclipse\jetty\websocket\websocket-api\9.2.12.v20150709\websocket-api-9.2.12.v20150709.jar;C:\Users\Automacao\.m2\repository\org\apache\httpcomponents\httpclient\4.5\httpclient-4.5.jar;C:\Users\Automacao\.m2\repository\org\apache\httpcomponents\httpcore\4.4.1\httpcore-4.4.1.jar;C:\Users\Automacao\.m2\repository\org\seleniumhq\selenium\selenium-firefox-driver\2.48.0\selenium-firefox-driver-2.48.0.jar;C:\Users\Automacao\.m2\repository\org\seleniumhq\selenium\selenium-ie-driver\2.48.0\selenium-ie-driver-2.48.0.jar;C:\Users\Automacao\.m2\repository\net\java\dev\jna\jna\4.1.0\jna-4.1.0.jar;C:\Users\Automacao\.m2\repository\net\java\dev\jna\jna-platform\4.1.0\jna-platform-4.1.0.jar;C:\Users\Automacao\.m2\repository\org\seleniumhq\selenium\selenium-safari-driver\2.48.0\selenium-safari-driver-2.48.0.jar;C:\Users\Automacao\.m2\repository\org\seleniumhq\selenium\selenium-support\2.48.0\selenium-support-2.48.0.jar;C:\Users\Automacao\.m2\repository\org\webbitserver\webbit\0.4.14\webbit-0.4.14.jar;C:\Users\Automacao\.m2\repository\io\netty\netty\3.5.2.Final\netty-3.5.2.Final.jar;C:\Users\Automacao\.m2\repository\org\seleniumhq\selenium\selenium-leg-rc\2.48.0\selenium-leg-rc-2.48.0.jar;C:\Users\Automacao\.m2\repository\org\seleniumhq\selenium\selenium-server\2.48.0\selenium-server-2.48.0.jar;C:\Users\Automacao\.m2\repository\org\bouncycastle\bcprov-jdk15on\1.48\bcprov-jdk15on-1.48.jar;C:\Users\Automacao\.m2\repository\org\bouncycastle\bcpkix-jdk15on\1.48\bcpkix-jdk15on-1.48.jar;C:\Users\Automacao\.m2\repository\mx4j\mx4j-tools\3.0.1\mx4j-tools-3.0.1.jar;C:\Users\Automacao\.m2\repository\org\mortbay\jetty\servlet-api-2.5\6.1.9\servlet-api-2.5-6.1.9.jar;C:\Users\Automacao\.m2\repository\org\seleniumhq\selenium\jetty-repacked\9.2.13.v20150730\jetty-repacked-9.2.13.v20150730.jar;C:\Users\Automacao\.m2\repository\javax\servlet\javax.servlet-api\3.1.0\javax.servlet-api-3.1.0.jar;C:\Users\Automacao\.m2\repository\org\seleniumhq\selenium\jetty-rc-repacked\5\jetty-rc-repacked-5.jar;C:\Users\Automacao\.m2\repository\net\jcip\jcip-annotations\1.0\jcip-annotations-1.0.jar;C:\Users\Automacao\.m2\repository\org\yaml\snakeyaml\1.8\snakeyaml-1.8.jar;C:\Users\Automacao\.m2\repository\commons-codec\commons-codec\1.10\commons-codec-1.10.jar;C:\Users\Automacao\.m2\repository\br\eti\kinoshita\testlink-java-api\1.9.8-1\testlink-java-api-1.9.8-1.jar;C:\Users\Automacao\.m2\repository\commons-lang\commons-lang\2.5\commons-lang-2.5.jar;C:\Users\Automacao\.m2\repository\commons-io\commons-io\2.0.1\commons-io-2.0.1.jar;C:\Users\Automacao\.m2\repository\org\slf4j\slf4j-simple\1.7.5\slf4j-simple-1.7.5.jar;C:\Users\Automacao\.m2\repository\org\apache\xmlrpc\xmlrpc-common\3.1.3\xmlrpc-common-3.1.3.jar;C:\Users\Automacao\.m2\repository\org\apache\ws\commons\util\ws-commons-util\1.0.2\ws-commons-util-1.0.2.jar;C:\Users\Automacao\.m2\repository\junit\junit\3.8.1\junit-3.8.1.jar;C:\Users\Automacao\.m2\repository\commons-httpclient\commons-httpclient\3.1\commons-httpclient-3.1.jar;C:\Users\Automacao\.m2\repository\org\apache\xmlrpc\xmlrpc-client\3.1.3\xmlrpc-client-3.1.3.jar;C:\Users\Automacao\.m2\repository\commons-configuration\commons-configuration\1.10\commons-configuration-1.10.jar;C:\Users\Automacao\.m2\repository\commons-logging\commons-logging\1.1.1\commons-logging-1.1.1.jar;C:\Users\Automacao\.m2\repository\org\apache\commons\commons-exec\1.3\commons-exec-1.3.jar;C:\Users\Automacao\.m2\repository\org\slf4j\slf4j-api\1.7.13\slf4j-api-1.7.13.jar;C:\Users\Automacao\.m2\repository\org\apache\poi\poi\3.9\poi-3.9.jar;C:\Users\Automacao\.m2\repository\com\relevantcodes\extentreports\2.41.2\extentreports-2.41.2.jar;C:\Users\Automacao\.m2\repository\org\jsoup\jsoup\1.8.3\jsoup-1.8.3.jar;C:\Users\Automacao\.m2\repository\org\xerial\sqlite-jdbc\3.8.11.1\sqlite-jdbc-3.8.11.1.jar;C:\Users\Automacao\.m2\repository\org\freemarker\freemarker\2.3.23\freemarker-2.3.23.jar;C:\Users\Automacao\.m2\repository\org\mongodb\mongodb-driver\3.0.4\mongodb-driver-3.0.4.jar;C:\Users\Automacao\.m2\repository\org\mongodb\bson\3.0.4\bson-3.0.4.jar;C:\Users\Automacao\.m2\repository\org\mongodb\mongodb-driver-core\3.0.4\mongodb-driver-core-3.0.4.jar;C:\Users\Automacao\.m2\repository\com\itextpdf\itextpdf\5.0.6\itextpdf-5.0.6.jar;C:\Users\Automacao\.m2\repository\org\bouncycastle\bcmail-jdk14\1.38\bcmail-jdk14-1.38.jar;C:\Users\Automacao\.m2\repository\org\bouncycastle\bcprov-jdk14\1.38\bcprov-jdk14-1.38.jar;C:\Users\Automacao\.m2\repository\org\bouncycastle\bctsp-jdk14\1.38\bctsp-jdk14-1.38.jar;"/>
    <property name="java.specification.name" value="Java Platform API Specification"/>
    <property name="java.class.version" value="52.0"/>
    <property name="sun.management.compiler" value="HotSpot 64-Bit Tiered Compilers"/>
    <property name="os.version" value="6.1"/>
    <property name="user.home" value="C:\Users\Automacao"/>
    <property name="user.timezone" value="America/Sao_Paulo"/>
    <property name="java.awt.printerjob" value="sun.awt.windows.WPrinterJob"/>
    <property name="java.specification.version" value="1.8"/>
    <property name="file.encoding" value="Cp1252"/>
    <property name="user.name" value="Automacao"/>
    <property name="java.class.path" value="C:\WorkSpace\Bradesco\target\test-classes;C:\WorkSpace\Bradesco\target\classes;C:\Users\Automacao\.m2\repository\com\opera\operadriver\1.5\operadriver-1.5.jar;C:\Users\Automacao\.m2\repository\com\opera\operalaunchers\1.1\operalaunchers-1.1.jar;C:\Users\Automacao\.m2\repository\com\google\protobuf\protobuf-java\2.4.1\protobuf-java-2.4.1.jar;C:\Users\Automacao\.m2\repository\com\google\guava\guava\14.0\guava-14.0.jar;C:\Users\Automacao\.m2\repository\commons-jxpath\commons-jxpath\1.3\commons-jxpath-1.3.jar;C:\Users\Automacao\.m2\repository\org\ini4j\ini4j\0.5.2\ini4j-0.5.2.jar;C:\Users\Automacao\.m2\repository\org\uncommons\reportng\1.1.3\reportng-1.1.3.jar;C:\Users\Automacao\.m2\repository\velocity\velocity\1.4\velocity-1.4.jar;C:\Users\Automacao\.m2\repository\velocity\velocity-dep\1.4\velocity-dep-1.4.jar;C:\Users\Automacao\.m2\repository\org\apache\stratos\guice\3.0\guice-3.0.jar;C:\Users\Automacao\.m2\repository\com\google\inject\guice\3.0\guice-3.0.jar;C:\Users\Automacao\.m2\repository\javax\inject\javax.inject\1\javax.inject-1.jar;C:\Users\Automacao\.m2\repository\aopalliance\aopalliance\1.0\aopalliance-1.0.jar;C:\Users\Automacao\.m2\repository\org\testng\testng\6.9.4\testng-6.9.4.jar;C:\Users\Automacao\.m2\repository\org\beanshell\bsh\2.0b4\bsh-2.0b4.jar;C:\Users\Automacao\.m2\repository\com\beust\jcommander\1.48\jcommander-1.48.jar;C:\Users\Automacao\.m2\repository\org\seleniumhq\selenium\selenium-java\2.48.0\selenium-java-2.48.0.jar;C:\Users\Automacao\.m2\repository\org\seleniumhq\selenium\selenium-chrome-driver\2.48.0\selenium-chrome-driver-2.48.0.jar;C:\Users\Automacao\.m2\repository\org\seleniumhq\selenium\selenium-remote-driver\2.48.0\selenium-remote-driver-2.48.0.jar;C:\Users\Automacao\.m2\repository\cglib\cglib-nodep\2.1_3\cglib-nodep-2.1_3.jar;C:\Users\Automacao\.m2\repository\com\google\code\gson\gson\2.3.1\gson-2.3.1.jar;C:\Users\Automacao\.m2\repository\org\seleniumhq\selenium\selenium-api\2.48.0\selenium-api-2.48.0.jar;C:\Users\Automacao\.m2\repository\org\seleniumhq\selenium\selenium-edge-driver\2.48.0\selenium-edge-driver-2.48.0.jar;C:\Users\Automacao\.m2\repository\org\seleniumhq\selenium\selenium-htmlunit-driver\2.48.0\selenium-htmlunit-driver-2.48.0.jar;C:\Users\Automacao\.m2\repository\net\sourceforge\htmlunit\htmlunit\2.18\htmlunit-2.18.jar;C:\Users\Automacao\.m2\repository\xalan\xalan\2.7.2\xalan-2.7.2.jar;C:\Users\Automacao\.m2\repository\xalan\serializer\2.7.2\serializer-2.7.2.jar;C:\Users\Automacao\.m2\repository\commons-collections\commons-collections\3.2.1\commons-collections-3.2.1.jar;C:\Users\Automacao\.m2\repository\org\apache\commons\commons-lang3\3.4\commons-lang3-3.4.jar;C:\Users\Automacao\.m2\repository\org\apache\httpcomponents\httpmime\4.5\httpmime-4.5.jar;C:\Users\Automacao\.m2\repository\net\sourceforge\htmlunit\htmlunit-core-js\2.17\htmlunit-core-js-2.17.jar;C:\Users\Automacao\.m2\repository\xerces\xercesImpl\2.11.0\xercesImpl-2.11.0.jar;C:\Users\Automacao\.m2\repository\xml-apis\xml-apis\1.4.01\xml-apis-1.4.01.jar;C:\Users\Automacao\.m2\repository\net\sourceforge\nekohtml\nekohtml\1.9.22\nekohtml-1.9.22.jar;C:\Users\Automacao\.m2\repository\net\sourceforge\cssparser\cssparser\0.9.16\cssparser-0.9.16.jar;C:\Users\Automacao\.m2\repository\org\w3c\css\sac\1.3\sac-1.3.jar;C:\Users\Automacao\.m2\repository\org\eclipse\jetty\websocket\websocket-client\9.2.12.v20150709\websocket-client-9.2.12.v20150709.jar;C:\Users\Automacao\.m2\repository\org\eclipse\jetty\jetty-util\9.2.12.v20150709\jetty-util-9.2.12.v20150709.jar;C:\Users\Automacao\.m2\repository\org\eclipse\jetty\jetty-io\9.2.12.v20150709\jetty-io-9.2.12.v20150709.jar;C:\Users\Automacao\.m2\repository\org\eclipse\jetty\websocket\websocket-common\9.2.12.v20150709\websocket-common-9.2.12.v20150709.jar;C:\Users\Automacao\.m2\repository\org\eclipse\jetty\websocket\websocket-api\9.2.12.v20150709\websocket-api-9.2.12.v20150709.jar;C:\Users\Automacao\.m2\repository\org\apache\httpcomponents\httpclient\4.5\httpclient-4.5.jar;C:\Users\Automacao\.m2\repository\org\apache\httpcomponents\httpcore\4.4.1\httpcore-4.4.1.jar;C:\Users\Automacao\.m2\repository\org\seleniumhq\selenium\selenium-firefox-driver\2.48.0\selenium-firefox-driver-2.48.0.jar;C:\Users\Automacao\.m2\repository\org\seleniumhq\selenium\selenium-ie-driver\2.48.0\selenium-ie-driver-2.48.0.jar;C:\Users\Automacao\.m2\repository\net\java\dev\jna\jna\4.1.0\jna-4.1.0.jar;C:\Users\Automacao\.m2\repository\net\java\dev\jna\jna-platform\4.1.0\jna-platform-4.1.0.jar;C:\Users\Automacao\.m2\repository\org\seleniumhq\selenium\selenium-safari-driver\2.48.0\selenium-safari-driver-2.48.0.jar;C:\Users\Automacao\.m2\repository\org\seleniumhq\selenium\selenium-support\2.48.0\selenium-support-2.48.0.jar;C:\Users\Automacao\.m2\repository\org\webbitserver\webbit\0.4.14\webbit-0.4.14.jar;C:\Users\Automacao\.m2\repository\io\netty\netty\3.5.2.Final\netty-3.5.2.Final.jar;C:\Users\Automacao\.m2\repository\org\seleniumhq\selenium\selenium-leg-rc\2.48.0\selenium-leg-rc-2.48.0.jar;C:\Users\Automacao\.m2\repository\org\seleniumhq\selenium\selenium-server\2.48.0\selenium-server-2.48.0.jar;C:\Users\Automacao\.m2\repository\org\bouncycastle\bcprov-jdk15on\1.48\bcprov-jdk15on-1.48.jar;C:\Users\Automacao\.m2\repository\org\bouncycastle\bcpkix-jdk15on\1.48\bcpkix-jdk15on-1.48.jar;C:\Users\Automacao\.m2\repository\mx4j\mx4j-tools\3.0.1\mx4j-tools-3.0.1.jar;C:\Users\Automacao\.m2\repository\org\mortbay\jetty\servlet-api-2.5\6.1.9\servlet-api-2.5-6.1.9.jar;C:\Users\Automacao\.m2\repository\org\seleniumhq\selenium\jetty-repacked\9.2.13.v20150730\jetty-repacked-9.2.13.v20150730.jar;C:\Users\Automacao\.m2\repository\javax\servlet\javax.servlet-api\3.1.0\javax.servlet-api-3.1.0.jar;C:\Users\Automacao\.m2\repository\org\seleniumhq\selenium\jetty-rc-repacked\5\jetty-rc-repacked-5.jar;C:\Users\Automacao\.m2\repository\net\jcip\jcip-annotations\1.0\jcip-annotations-1.0.jar;C:\Users\Automacao\.m2\repository\org\yaml\snakeyaml\1.8\snakeyaml-1.8.jar;C:\Users\Automacao\.m2\repository\commons-codec\commons-codec\1.10\commons-codec-1.10.jar;C:\Users\Automacao\.m2\repository\br\eti\kinoshita\testlink-java-api\1.9.8-1\testlink-java-api-1.9.8-1.jar;C:\Users\Automacao\.m2\repository\commons-lang\commons-lang\2.5\commons-lang-2.5.jar;C:\Users\Automacao\.m2\repository\commons-io\commons-io\2.0.1\commons-io-2.0.1.jar;C:\Users\Automacao\.m2\repository\org\slf4j\slf4j-simple\1.7.5\slf4j-simple-1.7.5.jar;C:\Users\Automacao\.m2\repository\org\apache\xmlrpc\xmlrpc-common\3.1.3\xmlrpc-common-3.1.3.jar;C:\Users\Automacao\.m2\repository\org\apache\ws\commons\util\ws-commons-util\1.0.2\ws-commons-util-1.0.2.jar;C:\Users\Automacao\.m2\repository\junit\junit\3.8.1\junit-3.8.1.jar;C:\Users\Automacao\.m2\repository\commons-httpclient\commons-httpclient\3.1\commons-httpclient-3.1.jar;C:\Users\Automacao\.m2\repository\org\apache\xmlrpc\xmlrpc-client\3.1.3\xmlrpc-client-3.1.3.jar;C:\Users\Automacao\.m2\repository\commons-configuration\commons-configuration\1.10\commons-configuration-1.10.jar;C:\Users\Automacao\.m2\repository\commons-logging\commons-logging\1.1.1\commons-logging-1.1.1.jar;C:\Users\Automacao\.m2\repository\org\apache\commons\commons-exec\1.3\commons-exec-1.3.jar;C:\Users\Automacao\.m2\repository\org\slf4j\slf4j-api\1.7.13\slf4j-api-1.7.13.jar;C:\Users\Automacao\.m2\repository\org\apache\poi\poi\3.9\poi-3.9.jar;C:\Users\Automacao\.m2\repository\com\relevantcodes\extentreports\2.41.2\extentreports-2.41.2.jar;C:\Users\Automacao\.m2\repository\org\jsoup\jsoup\1.8.3\jsoup-1.8.3.jar;C:\Users\Automacao\.m2\repository\org\xerial\sqlite-jdbc\3.8.11.1\sqlite-jdbc-3.8.11.1.jar;C:\Users\Automacao\.m2\repository\org\freemarker\freemarker\2.3.23\freemarker-2.3.23.jar;C:\Users\Automacao\.m2\repository\org\mongodb\mongodb-driver\3.0.4\mongodb-driver-3.0.4.jar;C:\Users\Automacao\.m2\repository\org\mongodb\bson\3.0.4\bson-3.0.4.jar;C:\Users\Automacao\.m2\repository\org\mongodb\mongodb-driver-core\3.0.4\mongodb-driver-core-3.0.4.jar;C:\Users\Automacao\.m2\repository\com\itextpdf\itextpdf\5.0.6\itextpdf-5.0.6.jar;C:\Users\Automacao\.m2\repository\org\bouncycastle\bcmail-jdk14\1.38\bcmail-jdk14-1.38.jar;C:\Users\Automacao\.m2\repository\org\bouncycastle\bcprov-jdk14\1.38\bcprov-jdk14-1.38.jar;C:\Users\Automacao\.m2\repository\org\bouncycastle\bctsp-jdk14\1.38\bctsp-jdk14-1.38.jar;"/>
    <property name="java.vm.specification.version" value="1.8"/>
    <property name="sun.arch.data.model" value="64"/>
    <property name="java.home" value="C:\Program Files\Java\jre1.8.0_111"/>
    <property name="sun.java.command" value="C:\Users\AUTOMA~1\AppData\Local\Temp\surefirebooter6211040885095238663.jar C:\Users\AUTOMA~1\AppData\Local\Temp\surefire1258484203530082169tmp C:\Users\AUTOMA~1\AppData\Local\Temp\surefire962051713553367373tmp"/>
    <property name="java.specification.vendor" value="Oracle Corporation"/>
    <property name="user.language" value="pt"/>
    <property name="awt.toolkit" value="sun.awt.windows.WToolkit"/>
    <property name="java.vm.info" value="mixed mode"/>
    <property name="java.version" value="1.8.0_111"/>
    <property name="java.ext.dirs" value="C:\Program Files\Java\jre1.8.0_111\lib\ext;C:\Windows\Sun\Java\lib\ext"/>
    <property name="sun.boot.class.path" value="C:\Program Files\Java\jre1.8.0_111\lib\resources.jar;C:\Program Files\Java\jre1.8.0_111\lib\rt.jar;C:\Program Files\Java\jre1.8.0_111\lib\sunrsasign.jar;C:\Program Files\Java\jre1.8.0_111\lib\jsse.jar;C:\Program Files\Java\jre1.8.0_111\lib\jce.jar;C:\Program Files\Java\jre1.8.0_111\lib\charsets.jar;C:\Program Files\Java\jre1.8.0_111\lib\jfr.jar;C:\Program Files\Java\jre1.8.0_111\classes"/>
    <property name="webdriver.chrome.driver" value="./src/test/resources/chromedriver.exe"/>
    <property name="java.vendor" value="Oracle Corporation"/>
    <property name="localRepository" value="C:\Users\Automacao\.m2\repository"/>
    <property name="file.separator" value="\"/>
    <property name="java.vendor.url.bug" value="http://bugreport.sun.com/bugreport/"/>
    <property name="sun.cpu.endian" value="little"/>
    <property name="sun.io.unicode.encoding" value="UnicodeLittle"/>
    <property name="sun.desktop" value="windows"/>
    <property name="sun.cpu.isalist" value="amd64"/>
  </properties>
  <testcase classname="br.com.bradesco.test.CN006_ExtratoDePagamento" name="CT002_SolicitarExtratoPagamentoViaEmail" time="201.48">
    <failure message="null" type="java.lang.AssertionError">java.lang.AssertionError: null
	at org.testng.Assert.fail(Assert.java:94)
	at org.testng.Assert.fail(Assert.java:101)
	at br.com.bradesco.test.CN006_ExtratoDePagamento.CT002_SolicitarExtratoPagamentoViaEmail(CN006_ExtratoDePagamento.java:185)
</failure>
    <system-out>Inicou o Teste: CT002 - Solicitar extrato de pagamento via email
Step 1 Status do step: Passou
Step 2 Status do step: Passou
Step 3 Status do step: Passou
Step 4 Status do step: Passou
Step 5 Status do step: Falhou
Total de passos: 5
Finalizou o Teste: CT002 - Solicitar extrato de pagamento via email
</system-out>
  </testcase>
</testsuite>